<?xml version="1.0" encoding="UTF-8"?>
<!-- Generated by org.testng.reporters.JUnitReportReporter -->
<testsuite hostname="NJ30101057-PC" name="net.bill99.test.Demo2" tests="1" failures="0" timestamp="3 Sep 2018 08:56:20 GMT" time="0.176" errors="0">
  <testcase name="test1" time="0.176" classname="net.bill99.test.Demo2"/>
</testsuite> <!-- net.bill99.test.Demo2 -->
