<?xml version="1.0" encoding="UTF-8"?>
<!-- Generated by org.testng.reporters.JUnitReportReporter -->
<testsuite hostname="NJ30101057-PC" name="net.bill99.test.Demo1" tests="1" failures="0" timestamp="14 Sep 2018 06:14:18 GMT" time="0.005" errors="0">
  <testcase name="test1" time="0.005" classname="net.bill99.test.Demo1"/>
</testsuite> <!-- net.bill99.test.Demo1 -->
